Flow report for DE10_LITE_D8M_VIP
Tue Jun 15 13:42:12 2021
Quartus Prime Version 17.0.0 Build 595 04/25/2017 SJ Lite Edition


---------------------
; Table of Contents ;
---------------------
  1. Legal Notice
  2. Flow Summary
  3. Flow Settings
  4. Flow Non-Default Global Settings
  5. Flow Elapsed Time
  6. Flow OS Summary
  7. Flow Log
  8. Flow Messages
  9. Flow Suppressed Messages



----------------
; Legal Notice ;
----------------
Copyright (C) 2017  Intel Corporation. All rights reserved.
Your use of Intel Corporation's design tools, logic functions 
and other software and tools, and its AMPP partner logic 
functions, and any output files from any of the foregoing 
(including device programming or simulation files), and any 
associated documentation or information are expressly subject 
to the terms and conditions of the Intel Program License 
Subscription Agreement, the Intel Quartus Prime License Agreement,
the Intel MegaCore Function License Agreement, or other 
applicable license agreement, including, without limitation, 
that your use is for the sole purpose of programming logic 
devices manufactured by Intel and sold by Intel or its 
authorized distributors.  Please refer to the applicable 
agreement for further details.



+----------------------------------------------------------------------------------+
; Flow Summary                                                                     ;
+------------------------------------+---------------------------------------------+
; Flow Status                        ; Successful - Tue Jun 15 13:41:20 2021       ;
; Quartus Prime Version              ; 17.0.0 Build 595 04/25/2017 SJ Lite Edition ;
; Revision Name                      ; DE10_LITE_D8M_VIP                           ;
; Top-level Entity Name              ; DE10_LITE_D8M_VIP                           ;
; Family                             ; MAX 10                                      ;
; Device                             ; 10M50DAF484C7G                              ;
; Timing Models                      ; Final                                       ;
; Total logic elements               ; 30,701 / 49,760 ( 62 % )                    ;
;     Total combinational functions  ; 21,519 / 49,760 ( 43 % )                    ;
;     Dedicated logic registers      ; 22,225 / 49,760 ( 45 % )                    ;
; Total registers                    ; 22292                                       ;
; Total pins                         ; 171 / 360 ( 48 % )                          ;
; Total virtual pins                 ; 0                                           ;
; Total memory bits                  ; 1,093,048 / 1,677,312 ( 65 % )              ;
; Embedded Multiplier 9-bit elements ; 6 / 288 ( 2 % )                             ;
; Total PLLs                         ; 1 / 4 ( 25 % )                              ;
; UFM blocks                         ; 0 / 1 ( 0 % )                               ;
; ADC blocks                         ; 0 / 2 ( 0 % )                               ;
+------------------------------------+---------------------------------------------+


+-----------------------------------------+
; Flow Settings                           ;
+-------------------+---------------------+
; Option            ; Setting             ;
+-------------------+---------------------+
; Start date & time ; 06/15/2021 13:17:23 ;
; Main task         ; Compilation         ;
; Revision Name     ; DE10_LITE_D8M_VIP   ;
+-------------------+---------------------+


+--------------------------------------------------------------------------------------------------------------------------+
; Flow Non-Default Global Settings                                                                                         ;
+--------------------------------------+----------------------------------------+---------------+-------------+------------+
; Assignment Name                      ; Value                                  ; Default Value ; Entity Name ; Section Id ;
+--------------------------------------+----------------------------------------+---------------+-------------+------------+
; COMPILER_SIGNATURE_ID                ; 10995770589198.162375224327552         ; --            ; --          ; --         ;
; ENABLE_SIGNALTAP                     ; Off                                    ; --            ; --          ; --         ;
; FITTER_EFFORT                        ; Standard Fit                           ; Auto Fit      ; --          ; --         ;
; FLOW_ENABLE_IO_ASSIGNMENT_ANALYSIS   ; On                                     ; Off           ; --          ; --         ;
; MAX_CORE_JUNCTION_TEMP               ; 85                                     ; --            ; --          ; --         ;
; MIN_CORE_JUNCTION_TEMP               ; 0                                      ; --            ; --          ; --         ;
; MISC_FILE                            ; ip/EEE_IMGPROC/MSG_FIFO_inst.v         ; --            ; --          ; --         ;
; MISC_FILE                            ; ip/EEE_IMGPROC/MSG_FIFO_bb.v           ; --            ; --          ; --         ;
; NUM_PARALLEL_PROCESSORS              ; All                                    ; --            ; --          ; --         ;
; OPTIMIZATION_MODE                    ; High Performance Effort                ; Balanced      ; --          ; --         ;
; PARTITION_COLOR                      ; -- (Not supported for targeted family) ; --            ; --          ; Top        ;
; PARTITION_FITTER_PRESERVATION_LEVEL  ; -- (Not supported for targeted family) ; --            ; --          ; Top        ;
; PARTITION_NETLIST_TYPE               ; -- (Not supported for targeted family) ; --            ; --          ; Top        ;
; PHYSICAL_SYNTHESIS_COMBO_LOGIC       ; On                                     ; Off           ; --          ; --         ;
; PHYSICAL_SYNTHESIS_REGISTER_RETIMING ; On                                     ; Off           ; --          ; --         ;
; PLACEMENT_EFFORT_MULTIPLIER          ; 4.0                                    ; 1.0           ; --          ; --         ;
; POWER_BOARD_THERMAL_MODEL            ; None (CONSERVATIVE)                    ; --            ; --          ; --         ;
; POWER_PRESET_COOLING_SOLUTION        ; 23 MM HEAT SINK WITH 200 LFPM AIRFLOW  ; --            ; --          ; --         ;
; PROJECT_OUTPUT_DIRECTORY             ; output_files                           ; --            ; --          ; --         ;
; ROUTER_TIMING_OPTIMIZATION_LEVEL     ; MAXIMUM                                ; Normal        ; --          ; --         ;
; USE_SIGNALTAP_FILE                   ; stp1.stp                               ; --            ; --          ; --         ;
+--------------------------------------+----------------------------------------+---------------+-------------+------------+


+-------------------------------------------------------------------------------------------------------------------------------+
; Flow Elapsed Time                                                                                                             ;
+---------------------------+--------------+-------------------------+---------------------+------------------------------------+
; Module Name               ; Elapsed Time ; Average Processors Used ; Peak Virtual Memory ; Total CPU Time (on all processors) ;
+---------------------------+--------------+-------------------------+---------------------+------------------------------------+
; Analysis & Synthesis      ; 00:08:10     ; 1.0                     ; 5292 MB             ; 00:09:56                           ;
; I/O Assignment Analysis   ; 00:00:35     ; 1.0                     ; 5112 MB             ; 00:00:36                           ;
; Fitter                    ; 00:14:28     ; 1.3                     ; 6105 MB             ; 00:29:49                           ;
; Assembler                 ; 00:00:09     ; 1.0                     ; 4794 MB             ; 00:00:09                           ;
; TimeQuest Timing Analyzer ; 00:00:50     ; 2.5                     ; 5172 MB             ; 00:01:55                           ;
; Total                     ; 00:24:12     ; --                      ; --                  ; 00:42:25                           ;
+---------------------------+--------------+-------------------------+---------------------+------------------------------------+


+-----------------------------------------------------------------------------------------+
; Flow OS Summary                                                                         ;
+---------------------------+------------------+------------+------------+----------------+
; Module Name               ; Machine Hostname ; OS Name    ; OS Version ; Processor type ;
+---------------------------+------------------+------------+------------+----------------+
; Analysis & Synthesis      ; LAPTOP-SPP4F3NK  ; Windows 10 ; 10.0       ; x86_64         ;
; I/O Assignment Analysis   ; LAPTOP-SPP4F3NK  ; Windows 10 ; 10.0       ; x86_64         ;
; Fitter                    ; LAPTOP-SPP4F3NK  ; Windows 10 ; 10.0       ; x86_64         ;
; Assembler                 ; LAPTOP-SPP4F3NK  ; Windows 10 ; 10.0       ; x86_64         ;
; TimeQuest Timing Analyzer ; LAPTOP-SPP4F3NK  ; Windows 10 ; 10.0       ; x86_64         ;
+---------------------------+------------------+------------+------------+----------------+


------------
; Flow Log ;
------------
quartus_map --read_settings_files=on --write_settings_files=off DE10_LITE_D8M_VIP -c DE10_LITE_D8M_VIP
quartus_fit --read_settings_files=off --write_settings_files=off DE10_LITE_D8M_VIP -c DE10_LITE_D8M_VIP --plan
quartus_fit --read_settings_files=off --write_settings_files=off DE10_LITE_D8M_VIP -c DE10_LITE_D8M_VIP
quartus_asm --read_settings_files=off --write_settings_files=off DE10_LITE_D8M_VIP -c DE10_LITE_D8M_VIP
quartus_sta DE10_LITE_D8M_VIP -c DE10_LITE_D8M_VIP



