10:13:57 **** Incremental Build of configuration Nios II for project exploring_uranus ****
make all 
Info: Building ../exploring_uranus_bsp/
make --no-print-directory -C ../exploring_uranus_bsp/
[BSP build complete]
Info: Compiling main.c to obj/default/main.o
nios2-elf-gcc -xc -MP -MMD -c -I../exploring_uranus_bsp//HAL/inc -I../exploring_uranus_bsp/ -I../exploring_uranus_bsp//drivers/inc -pipe -D__hal__ -DALT_NO_INSTRUCTION_EMULATION -DALT_SINGLE_THREADED    -O0 -g -Wall  -mno-hw-div -mhw-mul -mno-hw-mulx -mgpopt=global  -o obj/default/main.o main.c
main.c: In function 'main':
main.c:204:12: warning: format '%x' expects argument of type 'unsigned int', but argument 2 has type 'alt_u32 {aka long unsigned int}' [-Wformat=]
     printf("\nExposure = %x ",exposureTime);
            ^
main.c:204:12: warning: format '%x' expects argument of type 'unsigned int', but argument 2 has type 'alt_u32 {aka long unsigned int}' [-Wformat=]
main.c:209:12: warning: format '%x' expects argument of type 'unsigned int', but argument 2 has type 'alt_u32 {aka long unsigned int}' [-Wformat=]
     printf("\nExposure = %x ",exposureTime);
            ^
main.c:209:12: warning: format '%x' expects argument of type 'unsigned int', but argument 2 has type 'alt_u32 {aka long unsigned int}' [-Wformat=]
Info: Linking exploring_uranus.elf
nios2-elf-g++ -T'../exploring_uranus_bsp//linker.x' -msys-crt0='../exploring_uranus_bsp//obj/HAL/src/crt0.o' -msys-lib=hal_bsp -L../exploring_uranus_bsp/   -Wl,-Map=exploring_uranus.map   -O0 -g -Wall  -mno-hw-div -mhw-mul -mno-hw-mulx -mgpopt=global  -o exploring_uranus.elf obj/default/I2C_core.o obj/default/auto_focus.o obj/default/main.o obj/default/mipi_bridge_config.o obj/default/mipi_camera_config.o obj/default/queue.o -lm -msys-lib=m
nios2-elf-insert exploring_uranus.elf --thread_model hal --cpu_name nios2_gen2 --qsys true --simulation_enabled false --id 0 --sidp 0x41150 --timestamp 1623575010 --stderr_dev jtag_uart --stdin_dev jtag_uart --stdout_dev jtag_uart --sopc_system_name Qsys --quartus_project_dir "/home/tm/EIE2/Rover/vision/quartus" --jdi ../..//output_files/DE10_LITE_D8M_VIP.jdi --sopcinfo /home/tm/EIE2/Rover/vision/quartus/software/exploring_uranus_bsp/../../Qsys.sopcinfo
Info: (exploring_uranus.elf) 84 KBytes program size (code + initialized data).
Info:                        4720 Bytes free for stack + heap.
Info: Creating exploring_uranus.objdump
nios2-elf-objdump --disassemble --syms --all-header --source exploring_uranus.elf >exploring_uranus.objdump
[exploring_uranus build complete]

10:13:57 Build Finished (took 259ms)

